This file contains any messages produced by compilers while
running configure, to aid debugging if configure makes a mistake.

It was created by configure, which was
generated by GNU Autoconf 2.59.  Invocation command line was

  $ ./configure --with-php-config=/home/liuyue01/local/php/bin/php-config

## --------- ##
## Platform. ##
## --------- ##

hostname = db-sf-maybach.db01.baidu.com
uname -m = x86_64
uname -r = 2.6.9_5-7-0-0
uname -s = Linux
uname -v = #1 SMP Wed Aug 12 17:35:51 CST 2009

/usr/bin/uname -p = unknown
/bin/uname -X     = unknown

/bin/arch              = x86_64
/usr/bin/arch -k       = unknown
/usr/convex/getsysinfo = unknown
hostinfo               = unknown
/bin/machine           = unknown
/usr/bin/oslevel       = unknown
/bin/universe          = unknown

PATH: /home/liuyue01/bin
PATH: /home/liuyue01/bin/tmp
PATH: /home/liuyue01/local/go/bin
PATH: /home/liuyue01/local/jdk/jre/bin
PATH: /usr/bin
PATH: /home/liuyue01/bin
PATH: /home/liuyue01/bin/tmp
PATH: /home/liuyue01/local/go/bin
PATH: /home/liuyue01/local/jdk/jre/bin
PATH: /usr/bin
PATH: /home/liuyue01/bin
PATH: /home/liuyue01/bin/tmp
PATH: .
PATH: /jre/bin
PATH: /usr/bin
PATH: /usr/kerberos/bin
PATH: /usr/local/bin
PATH: /bin
PATH: /usr/bin
PATH: /usr/X11R6/bin
PATH: /usr/share/baidu/bin


## ----------- ##
## Core tests. ##
## ----------- ##

configure:1486: checking for egrep
configure:1496: result: grep -E
configure:1501: checking for a sed that does not truncate output
configure:1555: result: /bin/sed
configure:1676: checking for gcc
configure:1692: found /usr/bin/gcc
configure:1702: result: gcc
configure:1946: checking for C compiler version
configure:1949: gcc --version </dev/null >&5
gcc (GCC) 3.4.5 20051201 (Red Hat 3.4.5-2)
Copyright (C) 2004 Free Software Foundation, Inc.
This is free software; see the source for copying conditions.  There is NO
warranty; not even for MERCHANTABILITY or FITNESS FOR A PARTICULAR PURPOSE.

configure:1952: $? = 0
configure:1954: gcc -v </dev/null >&5
Reading specs from /usr/lib/gcc/x86_64-redhat-linux/3.4.5/specs
Configured with: ../configure --prefix=/usr --mandir=/usr/share/man --infodir=/usr/share/info --enable-shared --enable-threads=posix --disable-checking --with-system-zlib --enable-__cxa_atexit --disable-libunwind-exceptions --enable-java-awt=gtk --host=x86_64-redhat-linux
Thread model: posix
gcc version 3.4.5 20051201 (Red Hat 3.4.5-2)
configure:1957: $? = 0
configure:1959: gcc -V </dev/null >&5
gcc: `-V' option must have argument
configure:1962: $? = 1
configure:1985: checking for C compiler default output file name
configure:1988: gcc    conftest.c  >&5
configure:1991: $? = 0
configure:2037: result: a.out
configure:2042: checking whether the C compiler works
configure:2048: ./a.out
configure:2051: $? = 0
configure:2068: result: yes
configure:2075: checking whether we are cross compiling
configure:2077: result: no
configure:2080: checking for suffix of executables
configure:2082: gcc -o conftest    conftest.c  >&5
configure:2085: $? = 0
configure:2110: result: 
configure:2116: checking for suffix of object files
configure:2137: gcc -c   conftest.c >&5
configure:2140: $? = 0
configure:2162: result: o
configure:2166: checking whether we are using the GNU C compiler
configure:2190: gcc -c   conftest.c >&5
configure:2196: $? = 0
configure:2200: test -z 
			 || test ! -s conftest.err
configure:2203: $? = 0
configure:2206: test -s conftest.o
configure:2209: $? = 0
configure:2222: result: yes
configure:2228: checking whether gcc accepts -g
configure:2249: gcc -c -g  conftest.c >&5
configure:2255: $? = 0
configure:2259: test -z 
			 || test ! -s conftest.err
configure:2262: $? = 0
configure:2265: test -s conftest.o
configure:2268: $? = 0
configure:2279: result: yes
configure:2296: checking for gcc option to accept ANSI C
configure:2366: gcc  -c -g -O2  conftest.c >&5
configure:2372: $? = 0
configure:2376: test -z 
			 || test ! -s conftest.err
configure:2379: $? = 0
configure:2382: test -s conftest.o
configure:2385: $? = 0
configure:2403: result: none needed
configure:2421: gcc -c -g -O2  conftest.c >&5
conftest.c:2: error: syntax error before "me"
configure:2427: $? = 1
configure: failed program was:
| #ifndef __cplusplus
|   choke me
| #endif
configure:2561: checking whether gcc and cc understand -c and -o together
configure:2591: gcc -c conftest.c -o conftest.o >&5
configure:2594: $? = 0
configure:2596: gcc -c conftest.c -o conftest.o >&5
configure:2599: $? = 0
configure:2606: cc -c conftest.c >&5
configure:2609: $? = 0
configure:2612: cc -c conftest.c -o conftest.o >&5
configure:2615: $? = 0
configure:2617: cc -c conftest.c -o conftest.o >&5
configure:2620: $? = 0
configure:2638: result: yes
configure:2654: checking for system library directory
configure:2672: result: lib
configure:2680: checking if compiler supports -R
configure:2704: gcc -o conftest -g -O2   conftest.c -R /usr/lib  >&5
gcc: unrecognized option `-R'
/usr/lib: file not recognized: Is a directory
collect2: ld returned 1 exit status
configure:2710: $? = 1
configure: failed program was:
| /* confdefs.h.  */
| 
| #define PACKAGE_NAME ""
| #define PACKAGE_TARNAME ""
| #define PACKAGE_VERSION ""
| #define PACKAGE_STRING ""
| #define PACKAGE_BUGREPORT ""
| /* end confdefs.h.  */
| 
| int
| main ()
| {
| 
|   ;
|   return 0;
| }
configure:2737: result: no
configure:2742: checking if compiler supports -Wl,-rpath,
configure:2766: gcc -o conftest -g -O2   conftest.c -Wl,-rpath,/usr/lib  >&5
configure:2772: $? = 0
configure:2776: test -z 
			 || test ! -s conftest.err
configure:2779: $? = 0
configure:2782: test -s conftest
configure:2785: $? = 0
configure:2799: result: yes
configure:2842: checking build system type
configure:2860: result: x86_64-unknown-linux-gnu
configure:2868: checking host system type
configure:2882: result: x86_64-unknown-linux-gnu
configure:2890: checking target system type
configure:2904: result: x86_64-unknown-linux-gnu
configure:3002: checking for PHP prefix
configure:3004: result: /home/liuyue01/local/php
configure:3006: checking for PHP includes
configure:3008: result: -I/home/liuyue01/local/php/include/php -I/home/liuyue01/local/php/include/php/main -I/home/liuyue01/local/php/include/php/TSRM -I/home/liuyue01/local/php/include/php/Zend -I/home/liuyue01/local/php/include/php/ext -I/home/liuyue01/local/php/include/php/ext/date/lib
configure:3010: checking for PHP extension directory
configure:3012: result: /home/liuyue01/local/php/lib/php/extensions/no-debug-non-zts-20060613
configure:3014: checking for PHP installed headers prefix
configure:3016: result: /home/liuyue01/local/php/include/php
configure:3060: checking for re2c
configure:3089: result: no
configure:3113: WARNING: You will need re2c 0.12.0 or later if you want to regenerate PHP parsers.
configure:3127: checking for gawk
configure:3144: found /usr/bin/gawk
configure:3154: result: gawk
configure:3205: checking whether to enable prlib support
configure:3247: result: yes, shared
configure:3632: checking for ld used by gcc
configure:3699: result: /usr/bin/ld
configure:3708: checking if the linker (/usr/bin/ld) is GNU ld
configure:3723: result: yes
configure:3728: checking for /usr/bin/ld option to reload object files
configure:3735: result: -r
configure:3753: checking for BSD-compatible nm
configure:3795: result: /usr/bin/nm -B
configure:3799: checking whether ln -s works
configure:3803: result: yes
configure:3810: checking how to recognise dependent libraries
configure:3982: result: pass_all
configure:4063: gcc -c -g -O2  conftest.c >&5
configure:4066: $? = 0
configure:4194: checking how to run the C preprocessor
configure:4229: gcc -E  conftest.c
configure:4235: $? = 0
configure:4267: gcc -E  conftest.c
conftest.c:10:28: ac_nonexistent.h: No such file or directory
configure:4273: $? = 1
configure: failed program was:
| /* confdefs.h.  */
| 
| #define PACKAGE_NAME ""
| #define PACKAGE_TARNAME ""
| #define PACKAGE_VERSION ""
| #define PACKAGE_STRING ""
| #define PACKAGE_BUGREPORT ""
| #define COMPILE_DL_PRLIB 1
| /* end confdefs.h.  */
| #include <ac_nonexistent.h>
configure:4312: result: gcc -E
configure:4336: gcc -E  conftest.c
configure:4342: $? = 0
configure:4374: gcc -E  conftest.c
conftest.c:10:28: ac_nonexistent.h: No such file or directory
configure:4380: $? = 1
configure: failed program was:
| /* confdefs.h.  */
| 
| #define PACKAGE_NAME ""
| #define PACKAGE_TARNAME ""
| #define PACKAGE_VERSION ""
| #define PACKAGE_STRING ""
| #define PACKAGE_BUGREPORT ""
| #define COMPILE_DL_PRLIB 1
| /* end confdefs.h.  */
| #include <ac_nonexistent.h>
configure:4424: checking for ANSI C header files
configure:4449: gcc -c -g -O2  conftest.c >&5
configure:4455: $? = 0
configure:4459: test -z 
			 || test ! -s conftest.err
configure:4462: $? = 0
configure:4465: test -s conftest.o
configure:4468: $? = 0
configure:4557: gcc -o conftest -g -O2   conftest.c  >&5
configure:4560: $? = 0
configure:4562: ./conftest
configure:4565: $? = 0
configure:4580: result: yes
configure:4604: checking for sys/types.h
configure:4620: gcc -c -g -O2  conftest.c >&5
configure:4626: $? = 0
configure:4630: test -z 
			 || test ! -s conftest.err
configure:4633: $? = 0
configure:4636: test -s conftest.o
configure:4639: $? = 0
configure:4650: result: yes
configure:4604: checking for sys/stat.h
configure:4620: gcc -c -g -O2  conftest.c >&5
configure:4626: $? = 0
configure:4630: test -z 
			 || test ! -s conftest.err
configure:4633: $? = 0
configure:4636: test -s conftest.o
configure:4639: $? = 0
configure:4650: result: yes
configure:4604: checking for stdlib.h
configure:4620: gcc -c -g -O2  conftest.c >&5
configure:4626: $? = 0
configure:4630: test -z 
			 || test ! -s conftest.err
configure:4633: $? = 0
configure:4636: test -s conftest.o
configure:4639: $? = 0
configure:4650: result: yes
configure:4604: checking for string.h
configure:4620: gcc -c -g -O2  conftest.c >&5
configure:4626: $? = 0
configure:4630: test -z 
			 || test ! -s conftest.err
configure:4633: $? = 0
configure:4636: test -s conftest.o
configure:4639: $? = 0
configure:4650: result: yes
configure:4604: checking for memory.h
configure:4620: gcc -c -g -O2  conftest.c >&5
configure:4626: $? = 0
configure:4630: test -z 
			 || test ! -s conftest.err
configure:4633: $? = 0
configure:4636: test -s conftest.o
configure:4639: $? = 0
configure:4650: result: yes
configure:4604: checking for strings.h
configure:4620: gcc -c -g -O2  conftest.c >&5
configure:4626: $? = 0
configure:4630: test -z 
			 || test ! -s conftest.err
configure:4633: $? = 0
configure:4636: test -s conftest.o
configure:4639: $? = 0
configure:4650: result: yes
configure:4604: checking for inttypes.h
configure:4620: gcc -c -g -O2  conftest.c >&5
configure:4626: $? = 0
configure:4630: test -z 
			 || test ! -s conftest.err
configure:4633: $? = 0
configure:4636: test -s conftest.o
configure:4639: $? = 0
configure:4650: result: yes
configure:4604: checking for stdint.h
configure:4620: gcc -c -g -O2  conftest.c >&5
configure:4626: $? = 0
configure:4630: test -z 
			 || test ! -s conftest.err
configure:4633: $? = 0
configure:4636: test -s conftest.o
configure:4639: $? = 0
configure:4650: result: yes
configure:4604: checking for unistd.h
configure:4620: gcc -c -g -O2  conftest.c >&5
configure:4626: $? = 0
configure:4630: test -z 
			 || test ! -s conftest.err
configure:4633: $? = 0
configure:4636: test -s conftest.o
configure:4639: $? = 0
configure:4650: result: yes
configure:4676: checking dlfcn.h usability
configure:4688: gcc -c -g -O2  conftest.c >&5
configure:4694: $? = 0
configure:4698: test -z 
			 || test ! -s conftest.err
configure:4701: $? = 0
configure:4704: test -s conftest.o
configure:4707: $? = 0
configure:4717: result: yes
configure:4721: checking dlfcn.h presence
configure:4731: gcc -E  conftest.c
configure:4737: $? = 0
configure:4757: result: yes
configure:4792: checking for dlfcn.h
configure:4799: result: yes
configure:5055: checking the maximum length of command line arguments
configure:5147: result: 32768
configure:5158: checking command to parse /usr/bin/nm -B output from gcc object
configure:5254: gcc -c -g -O2  conftest.c >&5
configure:5257: $? = 0
configure:5261: /usr/bin/nm -B conftest.o \| sed -n -e 's/^.*[ 	]\([ABCDGIRSTW][ABCDGIRSTW]*\)[ 	][ 	]*\([_A-Za-z][_A-Za-z0-9]*\)$/\1 \2 \2/p' \> conftest.nm
configure:5264: $? = 0
configure:5316: gcc -o conftest -g -O2   conftest.c conftstm.o >&5
configure:5319: $? = 0
configure:5357: result: ok
configure:5361: checking for objdir
configure:5376: result: .libs
configure:5466: checking for ar
configure:5482: found /usr/bin/ar
configure:5493: result: ar
configure:5546: checking for ranlib
configure:5562: found /usr/bin/ranlib
configure:5573: result: ranlib
configure:5626: checking for strip
configure:5642: found /usr/bin/strip
configure:5653: result: strip
configure:5942: checking if gcc static flag  works
configure:5970: result: yes
configure:5992: checking if gcc supports -fno-rtti -fno-exceptions
configure:6010: gcc -c -g -O2  -fno-rtti -fno-exceptions conftest.c >&5
cc1: warning: command line option "-fno-rtti" is valid for C++/ObjC++ but not for C
configure:6014: $? = 0
configure:6027: result: no
configure:6042: checking for gcc option to produce PIC
configure:6246: result: -fPIC
configure:6254: checking if gcc PIC flag -fPIC works
configure:6272: gcc -c -g -O2  -fPIC -DPIC conftest.c >&5
configure:6276: $? = 0
configure:6289: result: yes
configure:6313: checking if gcc supports -c -o file.o
configure:6334: gcc -c -g -O2  -o out/conftest2.o conftest.c >&5
configure:6338: $? = 0
configure:6360: result: yes
configure:6386: checking whether the gcc linker (/usr/bin/ld -m elf_x86_64) supports shared libraries
configure:7230: result: yes
configure:7256: checking whether -lc should be explicitly linked in
configure:7261: gcc -c -g -O2  conftest.c >&5
configure:7264: $? = 0
configure:7278: gcc -shared conftest.o  -v -Wl,-soname -Wl,conftest -o conftest 2\>\&1 \| grep  -lc  \>/dev/null 2\>\&1
configure:7281: $? = 0
configure:7293: result: no
configure:7301: checking dynamic linker characteristics
configure:7677: gcc -c -g -O2  conftest.c >&5
configure:7680: $? = 0
configure:7876: result: GNU/Linux ld.so
configure:7880: checking how to hardcode library paths into programs
configure:7905: result: immediate
configure:7919: checking whether stripping libraries is possible
configure:7924: result: yes
configure:8754: checking if libtool supports shared libraries
configure:8756: result: yes
configure:8759: checking whether to build shared libraries
configure:8780: result: yes
configure:8783: checking whether to build static libraries
configure:8787: result: no
configure:8880: result:
creating libtool
configure:13233: creating ./config.status

## ---------------------- ##
## Running config.status. ##
## ---------------------- ##

This file was extended by config.status, which was
generated by GNU Autoconf 2.59.  Invocation command line was

  CONFIG_FILES    = 
  CONFIG_HEADERS  = 
  CONFIG_LINKS    = 
  CONFIG_COMMANDS = 
  $ ./config.status 

on db-sf-maybach.db01.baidu.com

config.status:454: creating config.h
config.status:560: config.h is unchanged

## ---------------- ##
## Cache variables. ##
## ---------------- ##

ac_cv_build=x86_64-unknown-linux-gnu
ac_cv_build_alias=x86_64-unknown-linux-gnu
ac_cv_c_compiler_gnu=yes
ac_cv_env_CC_set=
ac_cv_env_CC_value=
ac_cv_env_CFLAGS_set=
ac_cv_env_CFLAGS_value=
ac_cv_env_CPPFLAGS_set=
ac_cv_env_CPPFLAGS_value=
ac_cv_env_CPP_set=
ac_cv_env_CPP_value=
ac_cv_env_CXXCPP_set=
ac_cv_env_CXXCPP_value=
ac_cv_env_LDFLAGS_set=
ac_cv_env_LDFLAGS_value=
ac_cv_env_build_alias_set=
ac_cv_env_build_alias_value=
ac_cv_env_host_alias_set=
ac_cv_env_host_alias_value=
ac_cv_env_target_alias_set=
ac_cv_env_target_alias_value=
ac_cv_exeext=
ac_cv_header_dlfcn_h=yes
ac_cv_header_inttypes_h=yes
ac_cv_header_memory_h=yes
ac_cv_header_stdc=yes
ac_cv_header_stdint_h=yes
ac_cv_header_stdlib_h=yes
ac_cv_header_string_h=yes
ac_cv_header_strings_h=yes
ac_cv_header_sys_stat_h=yes
ac_cv_header_sys_types_h=yes
ac_cv_header_unistd_h=yes
ac_cv_host=x86_64-unknown-linux-gnu
ac_cv_host_alias=x86_64-unknown-linux-gnu
ac_cv_objext=o
ac_cv_prog_AWK=gawk
ac_cv_prog_CPP='gcc -E'
ac_cv_prog_ac_ct_AR=ar
ac_cv_prog_ac_ct_CC=gcc
ac_cv_prog_ac_ct_RANLIB=ranlib
ac_cv_prog_ac_ct_STRIP=strip
ac_cv_prog_cc_g=yes
ac_cv_prog_cc_gcc_c_o=yes
ac_cv_prog_cc_stdc=
ac_cv_prog_egrep='grep -E'
ac_cv_target=x86_64-unknown-linux-gnu
ac_cv_target_alias=x86_64-unknown-linux-gnu
lt_cv_deplibs_check_method=pass_all
lt_cv_file_magic_cmd='$MAGIC_CMD'
lt_cv_file_magic_test_file=
lt_cv_ld_reload_flag=-r
lt_cv_objdir=.libs
lt_cv_path_LD=/usr/bin/ld
lt_cv_path_NM='/usr/bin/nm -B'
lt_cv_path_SED=/bin/sed
lt_cv_prog_compiler_c_o=yes
lt_cv_prog_compiler_rtti_exceptions=no
lt_cv_prog_gnu_ld=yes
lt_cv_sys_global_symbol_pipe='sed -n -e '\''s/^.*[ 	]\([ABCDGIRSTW][ABCDGIRSTW]*\)[ 	][ 	]*\([_A-Za-z][_A-Za-z0-9]*\)$/\1 \2 \2/p'\'''
lt_cv_sys_global_symbol_to_c_name_address='sed -n -e '\''s/^: \([^ ]*\) $/  {\"\1\", (lt_ptr) 0},/p'\'' -e '\''s/^[BCDEGRST] \([^ ]*\) \([^ ]*\)$/  {"\2", (lt_ptr) \&\2},/p'\'''
lt_cv_sys_global_symbol_to_cdecl='sed -n -e '\''s/^. .* \(.*\)$/extern int \1;/p'\'''
lt_cv_sys_max_cmd_len=32768
lt_lt_cv_prog_compiler_c_o='"yes"'
lt_lt_cv_sys_global_symbol_pipe='"sed -n -e '\''s/^.*[ 	]\\([ABCDGIRSTW][ABCDGIRSTW]*\\)[ 	][ 	]*\\([_A-Za-z][_A-Za-z0-9]*\\)\$/\\1 \\2 \\2/p'\''"'
lt_lt_cv_sys_global_symbol_to_c_name_address='"sed -n -e '\''s/^: \\([^ ]*\\) \$/  {\\\"\\1\\\", (lt_ptr) 0},/p'\'' -e '\''s/^[BCDEGRST] \\([^ ]*\\) \\([^ ]*\\)\$/  {\"\\2\", (lt_ptr) \\&\\2},/p'\''"'
lt_lt_cv_sys_global_symbol_to_cdecl='"sed -n -e '\''s/^. .* \\(.*\\)\$/extern int \\1;/p'\''"'
php_cv_cc_dashr=no
php_cv_cc_rpath=yes

## ----------------- ##
## Output variables. ##
## ----------------- ##

AR='ar'
AWK='gawk'
CC='gcc'
CFLAGS='-g -O2'
CONFIGURE_COMMAND=' './configure'  '--with-php-config=/home/liuyue01/local/php/bin/php-config''
CONFIGURE_OPTIONS=' '--with-php-config=/home/liuyue01/local/php/bin/php-config''
CPP='gcc -E'
CPPFLAGS=' -DHAVE_CONFIG_H'
CXXCPP=''
DEFS='-DHAVE_CONFIG_H'
ECHO='echo'
ECHO_C=''
ECHO_N='-n'
ECHO_T=''
EGREP='grep -E'
EXEEXT=''
LDFLAGS=''
LIBOBJS=''
LIBS=''
LIBTOOL='$(SHELL) $(top_builddir)/libtool'
LN_S='ln -s'
LTLIBOBJS=''
OBJEXT='o'
PACKAGE_BUGREPORT=''
PACKAGE_NAME=''
PACKAGE_STRING=''
PACKAGE_TARNAME=''
PACKAGE_VERSION=''
PATH_SEPARATOR=':'
RANLIB='ranlib'
RE2C='exit 0;'
SED='/bin/sed'
SHELL='/bin/sh'
SHLIB_DL_SUFFIX_NAME='so'
SHLIB_SUFFIX_NAME='so'
STRIP='strip'
ac_ct_AR='ar'
ac_ct_CC='gcc'
ac_ct_RANLIB='ranlib'
ac_ct_STRIP='strip'
bindir='${exec_prefix}/bin'
build='x86_64-unknown-linux-gnu'
build_alias=''
build_cpu='x86_64'
build_os='linux-gnu'
build_vendor='unknown'
datadir='${prefix}/share'
exec_prefix='$(prefix)'
host='x86_64-unknown-linux-gnu'
host_alias='x86_64-unknown-linux-gnu'
host_cpu='x86_64'
host_os='linux-gnu'
host_vendor='unknown'
includedir='${prefix}/include'
infodir='${prefix}/info'
libdir='${exec_prefix}/lib'
libexecdir='${exec_prefix}/libexec'
localstatedir='${prefix}/var'
mandir='${prefix}/man'
oldincludedir='/usr/include'
prefix='/home/liuyue01/local/php'
program_transform_name='s,x,x,'
sbindir='${exec_prefix}/sbin'
sharedstatedir='${prefix}/com'
sysconfdir='${prefix}/etc'
target='x86_64-unknown-linux-gnu'
target_alias=''
target_cpu='x86_64'
target_os='linux-gnu'
target_vendor='unknown'

## ----------- ##
## confdefs.h. ##
## ----------- ##

#define COMPILE_DL_PRLIB 1
#define HAVE_DLFCN_H 1
#define HAVE_INTTYPES_H 1
#define HAVE_MEMORY_H 1
#define HAVE_STDINT_H 1
#define HAVE_STDLIB_H 1
#define HAVE_STRINGS_H 1
#define HAVE_STRING_H 1
#define HAVE_SYS_STAT_H 1
#define HAVE_SYS_TYPES_H 1
#define HAVE_UNISTD_H 1
#define PACKAGE_BUGREPORT ""
#define PACKAGE_NAME ""
#define PACKAGE_STRING ""
#define PACKAGE_TARNAME ""
#define PACKAGE_VERSION ""
#define STDC_HEADERS 1

configure: exit 0
